<?xml version="1.0" encoding="UTF-8"?>
<testsuites name="Mocha Tests" time="5.150" tests="1" failures="0">
  <testsuite name="Root Suite" timestamp="2023-03-01T05:11:37" tests="0" file="cypress\e2e\webdriver-uni\radiobuttons.js" time="0.000" failures="0">
  </testsuite>
  <testsuite name="Verify checkboxes" timestamp="2023-03-01T05:11:37" tests="1" time="5.125" failures="0">
    <testcase name="Verify checkboxes Check and validate checkbox" time="5.125" classname="Check and validate checkbox">
    </testcase>
  </testsuite>
</testsuites>