<?xml version="1.0" encoding="UTF-8"?>
<testsuites name="Mocha Tests" time="5.181" tests="1" failures="0">
  <testsuite name="Root Suite" timestamp="2023-03-02T08:09:30" tests="0" file="cypress\e2e\webdriver-uni\file-upload.js" time="0.000" failures="0">
  </testsuite>
  <testsuite name="Test file upload" timestamp="2023-03-02T08:09:30" tests="1" time="5.146" failures="0">
    <testcase name="Test file upload Upload a file" time="5.068" classname="Upload a file">
    </testcase>
  </testsuite>
</testsuites>