<?xml version="1.0" encoding="UTF-8"?>
<testsuites name="Mocha Tests" time="5.743" tests="2" failures="0">
  <testsuite name="Root Suite" timestamp="2023-03-02T08:10:08" tests="0" file="cypress\e2e\webdriver-uni\hooks.js" time="0.000" failures="0">
  </testsuite>
  <testsuite name="Verify checkboxes" timestamp="2023-03-02T08:10:08" tests="2" time="5.711" failures="0">
    <testcase name="Verify checkboxes Check and validate checkbox" time="4.591" classname="Check and validate checkbox">
    </testcase>
    <testcase name="Verify checkboxes Uncheck and validate checkbox" time="1.097" classname="Uncheck and validate checkbox">
    </testcase>
  </testsuite>
</testsuites>