<?xml version="1.0" encoding="UTF-8"?>
<testsuites name="Mocha Tests" time="6.500" tests="3" failures="0">
  <testsuite name="Root Suite" timestamp="2023-03-02T08:07:41" tests="0" file="cypress\e2e\webdriver-uni\checkbox.js" time="0.000" failures="0">
  </testsuite>
  <testsuite name="Verify checkboxes" timestamp="2023-03-02T08:07:41" tests="3" time="6.463" failures="0">
    <testcase name="Verify checkboxes Check and validate checkbox" time="4.225" classname="Check and validate checkbox">
    </testcase>
    <testcase name="Verify checkboxes Uncheck and validate checkbox" time="1.067" classname="Uncheck and validate checkbox">
    </testcase>
    <testcase name="Verify checkboxes Check multiple checkboxes" time="1.145" classname="Check multiple checkboxes">
    </testcase>
  </testsuite>
</testsuites>