<?xml version="1.0" encoding="UTF-8"?>
<testsuites name="Mocha Tests" time="5.970" tests="1" failures="0">
  <testsuite name="Root Suite" timestamp="2023-03-02T08:07:23" tests="0" file="cypress\e2e\webdriver-uni\browser-navigations.js" time="0.000" failures="0">
  </testsuite>
  <testsuite name="Test Contact Us form via WebdriverUni" timestamp="2023-03-02T08:07:23" tests="1" time="5.945" failures="0">
    <testcase name="Test Contact Us form via WebdriverUni Should be able to sumbit a successful submission via contact us form" time="5.868" classname="Should be able to sumbit a successful submission via contact us form">
    </testcase>
  </testsuite>
</testsuites>