<?xml version="1.0" encoding="UTF-8"?>
<testsuites name="Mocha Tests" time="8.709" tests="1" failures="0">
  <testsuite name="Root Suite" timestamp="2023-03-01T05:19:18" tests="0" file="cypress\e2e\webdriver-uni\autocompete-dropdown-list.js" time="0.000" failures="0">
  </testsuite>
  <testsuite name="Verify Autocomplete dropwdown lists via webdriveruni" timestamp="2023-03-01T05:19:18" tests="1" time="8.667" failures="0">
    <testcase name="Verify Autocomplete dropwdown lists via webdriveruni Select specific product via autocomplete list" time="8.626" classname="Select specific product via autocomplete list">
    </testcase>
  </testsuite>
</testsuites>