<?xml version="1.0" encoding="UTF-8"?>
<testsuites name="Mocha Tests" time="6.858" tests="1" failures="0">
  <testsuite name="Root Suite" timestamp="2023-03-02T08:10:26" tests="0" file="cypress\e2e\webdriver-uni\iframe.js" time="0.000" failures="0">
  </testsuite>
  <testsuite name="Handling IFrame &amp; Modals" timestamp="2023-03-02T08:10:26" tests="1" time="6.829" failures="0">
    <testcase name="Handling IFrame &amp; Modals Handle webdriveruni iframe and modal" time="6.753" classname="Handle webdriveruni iframe and modal">
    </testcase>
  </testsuite>
</testsuites>