<?xml version="1.0" encoding="UTF-8"?>
<testsuites name="Mocha Tests" time="9.687" tests="4" failures="0">
  <testsuite name="Root Suite" timestamp="2023-02-22T04:02:54" tests="0" file="cypress\e2e\webdriver-uni\mouse-actions.js" time="0.000" failures="0">
  </testsuite>
  <testsuite name="Test mouse actions" timestamp="2023-02-22T04:02:54" tests="4" time="9.653" failures="0">
    <testcase name="Test mouse actions Scroll element into view" time="5.646" classname="Scroll element into view">
    </testcase>
    <testcase name="Test mouse actions I should be able to drag and drop a draggable item" time="1.223" classname="I should be able to drag and drop a draggable item">
    </testcase>
    <testcase name="Test mouse actions I should be able to perform a double mouse click" time="1.613" classname="I should be able to perform a double mouse click">
    </testcase>
    <testcase name="Test mouse actions I should be able hold down the left mouse click button on a given element" time="1.127" classname="I should be able hold down the left mouse click button on a given element">
    </testcase>
  </testsuite>
</testsuites>