<?xml version="1.0" encoding="UTF-8"?>
<testsuites name="Mocha Tests" time="10.063" tests="1" failures="0">
  <testsuite name="Root Suite" timestamp="2023-02-22T04:01:32" tests="0" file="cypress\e2e\webdriver-uni\dates.js" time="0.000" failures="0">
  </testsuite>
  <testsuite name="Test Datepicker via webdriveruni" timestamp="2023-02-22T04:01:32" tests="1" time="10.026" failures="0">
    <testcase name="Test Datepicker via webdriveruni Select date from the datepicker" time="9.840" classname="Select date from the datepicker">
    </testcase>
  </testsuite>
</testsuites>