<?xml version="1.0" encoding="UTF-8"?>
<testsuites name="Mocha Tests" time="30.445" tests="2" failures="0">
  <testsuite name="Root Suite" timestamp="2023-03-01T05:17:57" tests="0" file="cypress\e2e\automation-test-store\iterate-over-elements.js" time="0.000" failures="0">
  </testsuite>
  <testsuite name="Iterate over elements" timestamp="2023-03-01T05:17:57" tests="2" time="30.414" failures="0">
    <testcase name="Iterate over elements Log information of all hair care product" time="11.655" classname="Log information of all hair care product">
    </testcase>
    <testcase name="Iterate over elements Add specific product to basket" time="15.223" classname="Add specific product to basket">
    </testcase>
  </testsuite>
</testsuites>