<?xml version="1.0" encoding="UTF-8"?>
<testsuites name="Mocha Tests" time="15.233" tests="1" failures="0">
  <testsuite name="Root Suite" timestamp="2023-02-22T03:58:15" tests="0" file="cypress\e2e\automation-test-store\custom-command-iterate-over.js" time="0.000" failures="0">
  </testsuite>
  <testsuite name="Iterate over elements" timestamp="2023-02-22T03:58:15" tests="1" time="15.207" failures="0">
    <testcase name="Iterate over elements Add specific product to basket" time="11.390" classname="Add specific product to basket">
    </testcase>
  </testsuite>
</testsuites>