<?xml version="1.0" encoding="UTF-8"?>
<testsuites name="Mocha Tests" time="7.337" tests="2" failures="0">
  <testsuite name="Root Suite" timestamp="2023-03-02T08:09:48" tests="0" file="cypress\e2e\webdriver-uni\handling-data-from-table.js" time="0.000" failures="0">
  </testsuite>
  <testsuite name="Handling data via webdriveruni" timestamp="2023-03-02T08:09:48" tests="2" time="7.309" failures="0">
    <testcase name="Handling data via webdriveruni Calculate and assert the total age of all users" time="5.845" classname="Calculate and assert the total age of all users">
    </testcase>
    <testcase name="Handling data via webdriveruni Calculate and assert the age of a given user based on last name" time="1.359" classname="Calculate and assert the age of a given user based on last name">
    </testcase>
  </testsuite>
</testsuites>