<?xml version="1.0" encoding="UTF-8"?>
<testsuites name="Mocha Tests" time="17.617" tests="1" failures="0">
  <testsuite name="Root Suite" timestamp="2023-02-22T03:53:01" tests="0" file="cypress\e2e\other\twoURL.js" time="0.000" failures="0">
  </testsuite>
  <testsuite name="Cypress web security" timestamp="2023-02-22T03:53:01" tests="1" time="17.592" failures="0">
    <testcase name="Cypress web security Origin command" time="17.525" classname="Origin command">
    </testcase>
  </testsuite>
</testsuites>