<?xml version="1.0" encoding="UTF-8"?>
<testsuites name="Mocha Tests" time="8.023" tests="1" failures="0">
  <testsuite name="Root Suite" timestamp="2023-03-01T05:08:27" tests="0" file="cypress\e2e\webdriver-uni\browser-navigations.js" time="0.000" failures="0">
  </testsuite>
  <testsuite name="Test Contact Us form via WebdriverUni" timestamp="2023-03-01T05:08:27" tests="1" time="8.003" failures="0">
    <testcase name="Test Contact Us form via WebdriverUni Should be able to sumbit a successful submission via contact us form" time="7.959" classname="Should be able to sumbit a successful submission via contact us form">
    </testcase>
  </testsuite>
</testsuites>