<?xml version="1.0" encoding="UTF-8"?>
<testsuites name="Mocha Tests" time="44.071" tests="1" failures="0">
  <testsuite name="Root Suite" timestamp="2023-02-22T03:54:29" tests="0" file="cypress\e2e\automation-test-store\contact-us.js" time="0.000" failures="0">
  </testsuite>
  <testsuite name="Test Contact Us form via Automation Test Store" timestamp="2023-02-22T03:54:29" tests="1" time="44.025" failures="0">
    <testcase name="Test Contact Us form via Automation Test Store Should be able to sumbit a successful submission via contact us form" time="39.810" classname="Should be able to sumbit a successful submission via contact us form">
    </testcase>
  </testsuite>
</testsuites>