<?xml version="1.0" encoding="UTF-8"?>
<testsuites name="Mocha Tests" time="10.007" tests="2" failures="0">
  <testsuite name="Root Suite" timestamp="2023-02-22T04:01:16" tests="0" file="cypress\e2e\webdriver-uni\costom-command-contact.js" time="0.000" failures="0">
  </testsuite>
  <testsuite name="Test Contact Us form via WebdriverUni" timestamp="2023-02-22T04:01:16" tests="2" time="9.968" failures="0">
    <testcase name="Test Contact Us form via WebdriverUni Should be able to sumbit a successful submission via contact us form" time="7.328" classname="Should be able to sumbit a successful submission via contact us form">
    </testcase>
    <testcase name="Test Contact Us form via WebdriverUni Should not be able to submit a successful submission via contact us form as all fields are required" time="2.621" classname="Should not be able to submit a successful submission via contact us form as all fields are required">
    </testcase>
  </testsuite>
</testsuites>