<?xml version="1.0" encoding="UTF-8"?>
<testsuites name="Mocha Tests" time="20.023" tests="1" failures="0">
  <testsuite name="Root Suite" timestamp="2023-03-02T08:40:29" tests="0" file="cypress\e2e\automation-test-store\custom-command-iterate-over.js" time="0.000" failures="0">
  </testsuite>
  <testsuite name="Iterate over elements" timestamp="2023-03-02T08:40:29" tests="1" time="19.995" failures="0">
    <testcase name="Iterate over elements Add specific product to basket" time="16.040" classname="Add specific product to basket">
    </testcase>
  </testsuite>
</testsuites>