<?xml version="1.0" encoding="UTF-8"?>
<testsuites name="Mocha Tests" time="48.383" tests="1" failures="0">
  <testsuite name="Root Suite" timestamp="2023-02-24T03:46:12" tests="0" file="cypress\e2e\automation-test-store\contact-us.js" time="0.000" failures="0">
  </testsuite>
  <testsuite name="Test Contact Us form via Automation Test Store" timestamp="2023-02-24T03:46:12" tests="1" time="48.339" failures="0">
    <testcase name="Test Contact Us form via Automation Test Store Should be able to sumbit a successful submission via contact us form" time="41.697" classname="Should be able to sumbit a successful submission via contact us form">
    </testcase>
  </testsuite>
</testsuites>