<?xml version="1.0" encoding="UTF-8"?>
<testsuites name="Mocha Tests" time="6.457" tests="1" failures="0">
  <testsuite name="Root Suite" timestamp="2023-02-22T04:00:49" tests="0" file="cypress\e2e\webdriver-uni\contact-us-2-fixtures.js" time="0.000" failures="0">
  </testsuite>
  <testsuite name="Test Contact Us form via WebdriverUni" timestamp="2023-02-22T04:00:49" tests="1" time="6.420" failures="0">
    <testcase name="Test Contact Us form via WebdriverUni Should be able to sumbit a successful submission via contact us form" time="6.420" classname="Should be able to sumbit a successful submission via contact us form">
    </testcase>
  </testsuite>
</testsuites>