<?xml version="1.0" encoding="UTF-8"?>
<testsuites name="Mocha Tests" time="4.342" tests="1" failures="0">
  <testsuite name="Root Suite" timestamp="2023-03-02T08:11:00" tests="0" file="cypress\e2e\webdriver-uni\radiobuttons.js" time="0.000" failures="0">
  </testsuite>
  <testsuite name="Verify checkboxes" timestamp="2023-03-02T08:11:00" tests="1" time="4.311" failures="0">
    <testcase name="Verify checkboxes Check and validate checkbox" time="4.304" classname="Check and validate checkbox">
    </testcase>
  </testsuite>
</testsuites>