<?xml version="1.0" encoding="UTF-8"?>
<testsuites name="Mocha Tests" time="6.103" tests="1" failures="0">
  <testsuite name="Root Suite" timestamp="2023-03-01T05:10:08" tests="0" file="cypress\e2e\webdriver-uni\file-upload.js" time="0.000" failures="0">
  </testsuite>
  <testsuite name="Test file upload" timestamp="2023-03-01T05:10:08" tests="1" time="6.076" failures="0">
    <testcase name="Test file upload Upload a file" time="6.033" classname="Upload a file">
    </testcase>
  </testsuite>
</testsuites>