<?xml version="1.0" encoding="UTF-8"?>
<testsuites name="Mocha Tests" time="7.852" tests="1" failures="0">
  <testsuite name="Root Suite" timestamp="2023-03-02T08:07:05" tests="0" file="cypress\e2e\webdriver-uni\autocompete-dropdown-list.js" time="0.000" failures="0">
  </testsuite>
  <testsuite name="Verify Autocomplete dropwdown lists via webdriveruni" timestamp="2023-03-02T08:07:05" tests="1" time="7.829" failures="0">
    <testcase name="Verify Autocomplete dropwdown lists via webdriveruni Select specific product via autocomplete list" time="7.747" classname="Select specific product via autocomplete list">
    </testcase>
  </testsuite>
</testsuites>